[19:15:18 CST 2018/04/13] [EROR] (github.com/KenmyZhang/experts-spider/app.GetAllExpertId:65) name is null:%!(EXTRA string=)
[19:15:18 CST 2018/04/13] [EROR] (github.com/KenmyZhang/experts-spider/app.GetExpertId:55) <!doctype html>
<html>
<head>
  <title></title>
  <meta http-equiv="Pragma" content="no-cache">
  <meta http-equiv="Cache-Control" content="no-cache">
  <meta http-equiv="Expires" content="0">
  <meta http-equiv="X-UA-COMPATIBLE" content="IE=edge" >
  <meta name="renderer" content="webkit|ie-comp|ie-stand">
  <meta http-equiv="Content-Type" content="text/html; charset=utf-8">
  <meta name="keywords" content="大专家,大专家.COM,医学" />
  <meta name="description" content="大专家.COM是一个由中国两院院士及多名国家级学科带头人共同发起构建的医学服务平台。本着服务于医、服务于民的宗旨，打造医学传承和疑难重症两条通道，提高各级医生医技水平，帮助病患精准寻医，切实助力国家分级诊疗落地。" />
  <meta name="viewport" content="width=device-width, initial-scale=1.0,minimum-scale=1.0,maximum-scale=1.0,user-scalable=no"/>
  <link rel="stylesheet" type="text/css" href="/resources/css/bootstrap.min.css">
  <link rel="stylesheet" type="text/css" href="/resources/css/base.css?t=1521082100050">
  <link rel="stylesheet" type="text/css" href="/resources/css/iconfont.css?t=1522219108373">
  <link rel="stylesheet" href="https://g.alicdn.com/de/prismplayer/2.4.0/skins/default/aliplayer-min.css" />
  <script type="text/javascript" src="https://g.alicdn.com/de/prismplayer/2.4.0/aliplayer-min.js"></script>

  <script>
	var _hmt = _hmt || [];
	(function() {
	  var hm = document.createElement("script");
	  hm.src = "//hm.baidu.com/hm.js?f77c3d2ba9127405c3e692c3ddeef3ae";
	  var s = document.getElementsByTagName("script")[0]; 
	  s.parentNode.insertBefore(hm, s);
	})();
  (function(){
      //hash路由重定向到browser路由
      var hash = window.location.hash;
      if(hash.indexOf('#/') === 0){
          var newUrl = location.origin+'/edu/'+hash.slice(2);
          if(history.replaceState){
              history.replaceState({}, document.title, newUrl);
              window.location.reload();
          }else{
              window.location.replace(newUrl)
          }
      }
  }());
  (function(){
    function getRootFontSize(){
      var docEle = document.documentElement;
      var fontSize = docEle.clientWidth > 640 ? 32 : docEle.clientWidth/640*32;
      docEle.style.fontSize = fontSize + 'px';
    }
    getRootFontSize();
    window.onresize = getRootFontSize;
    window.onorientationchange = getRootFontSize;
  }());
  </script>
</head>
<body style="background-color: #F4F4F4;font-size:16px;user-select: inherit;-webkit-user-select: inherit;-moz-user-select: inherit;-ms-user-select: inherit;">
  <div id="content"></div> 
<script type="text/javascript" src="/scripts/react_base-a7e13a.js"></script><script type="text/javascript" src="/scripts/app-a7e13a.js"></script></body>
</html>

[19:15:18 CST 2018/04/13] [EROR] (github.com/KenmyZhang/experts-spider/app.GetAllExpertId:65) name is null:%!(EXTRA string=)
[19:15:20 CST 2018/04/13] [EROR] (github.com/KenmyZhang/experts-spider/app.GetAllExpertId:65) name is null:%!(EXTRA string=)
[19:15:23 CST 2018/04/13] [EROR] (github.com/KenmyZhang/experts-spider/app.GetAllExpertId:65) name is null:%!(EXTRA string=)
[19:15:23 CST 2018/04/13] [EROR] (github.com/KenmyZhang/experts-spider/app.GetAllExpertId:65) name is null:%!(EXTRA string=)
[19:15:23 CST 2018/04/13] [EROR] (github.com/KenmyZhang/experts-spider/app.GetAllExpertId:65) name is null:%!(EXTRA string=)
[19:15:23 CST 2018/04/13] [EROR] (github.com/KenmyZhang/experts-spider/app.GetAllExpertId:65) name is null:%!(EXTRA string=)
[19:15:24 CST 2018/04/13] [EROR] (github.com/KenmyZhang/experts-spider/app.GetAllExpertId:65) name is null:%!(EXTRA string=)
[19:15:24 CST 2018/04/13] [EROR] (github.com/KenmyZhang/experts-spider/app.GetAllExpertId:65) name is null:%!(EXTRA string=)
[19:15:24 CST 2018/04/13] [EROR] (github.com/KenmyZhang/experts-spider/app.GetAllExpertId:65) name is null:%!(EXTRA string=)
[19:15:24 CST 2018/04/13] [EROR] (github.com/KenmyZhang/experts-spider/app.GetAllExpertId:65) name is null:%!(EXTRA string=)
[19:15:24 CST 2018/04/13] [EROR] (github.com/KenmyZhang/experts-spider/app.GetAllExpertId:65) name is null:%!(EXTRA string=)
[19:15:25 CST 2018/04/13] [EROR] (github.com/KenmyZhang/experts-spider/app.GetAllExpertId:65) name is null:%!(EXTRA string=)
[19:15:25 CST 2018/04/13] [EROR] (github.com/KenmyZhang/experts-spider/app.GetAllExpertId:65) name is null:%!(EXTRA string=)
[19:15:25 CST 2018/04/13] [EROR] (github.com/KenmyZhang/experts-spider/app.GetAllExpertId:65) name is null:%!(EXTRA string=)
[19:15:25 CST 2018/04/13] [EROR] (github.com/KenmyZhang/experts-spider/app.GetAllExpertId:65) name is null:%!(EXTRA string=)
[19:15:25 CST 2018/04/13] [EROR] (github.com/KenmyZhang/experts-spider/app.GetAllExpertId:65) name is null:%!(EXTRA string=)
[19:15:26 CST 2018/04/13] [EROR] (github.com/KenmyZhang/experts-spider/app.GetAllExpertId:65) name is null:%!(EXTRA string=)
[19:15:26 CST 2018/04/13] [EROR] (github.com/KenmyZhang/experts-spider/app.GetAllExpertId:65) name is null:%!(EXTRA string=)
